Started GET "/" for 127.0.0.1 at 2024-05-18 12:41:22 +0100
  [1m[35m (73.2ms)[0m  [1m[35mCREATE TABLE "schema_migrations" ("version" varchar NOT NULL PRIMARY KEY)[0m
  [1m[35m (5.4ms)[0m  [1m[35mCREATE TABLE "ar_internal_metadata" ("key" varchar NOT NULL PRIMARY KEY, "value" varchar, "created_at" datetime(6) NOT NULL, "updated_at" datetime(6) NOT NULL)[0m
  [1m[36mActiveRecord::SchemaMigration Load (3.1ms)[0m  [1m[34mSELECT "schema_migrations"."version" FROM "schema_migrations" ORDER BY "schema_migrations"."version" ASC[0m
Processing by Rails::WelcomeController#index as HTML
  Rendering /home/miles/.rbenv/versions/3.3.1/lib/ruby/gems/3.3.0/gems/railties-7.1.3.3/lib/rails/templates/rails/welcome/index.html.erb
  Rendered /home/miles/.rbenv/versions/3.3.1/lib/ruby/gems/3.3.0/gems/railties-7.1.3.3/lib/rails/templates/rails/welcome/index.html.erb (Duration: 3.1ms | Allocations: 365)
Completed 200 OK in 738ms (Views: 202.3ms | ActiveRecord: 0.0ms | Allocations: 7741)


Started GET "/" for 127.0.0.1 at 2024-05-18 22:57:19 +0100
  [1m[36mActiveRecord::SchemaMigration Load (4.2ms)[0m  [1m[34mSELECT "schema_migrations"."version" FROM "schema_migrations" ORDER BY "schema_migrations"."version" ASC[0m
Processing by Rails::WelcomeController#index as HTML
  Rendering /home/miles/.rbenv/versions/3.3.1/lib/ruby/gems/3.3.0/gems/railties-7.1.3.3/lib/rails/templates/rails/welcome/index.html.erb
  Rendered /home/miles/.rbenv/versions/3.3.1/lib/ruby/gems/3.3.0/gems/railties-7.1.3.3/lib/rails/templates/rails/welcome/index.html.erb (Duration: 2.3ms | Allocations: 364)
Completed 200 OK in 554ms (Views: 92.3ms | ActiveRecord: 0.0ms | Allocations: 4299)


Started GET "/" for 127.0.0.1 at 2024-05-22 07:53:03 +0100
  [1m[36mActiveRecord::SchemaMigration Load (3.6ms)[0m  [1m[34mSELECT "schema_migrations"."version" FROM "schema_migrations" ORDER BY "schema_migrations"."version" ASC[0m
Processing by Rails::WelcomeController#index as HTML
  Rendering /home/miles/.rbenv/versions/3.3.1/lib/ruby/gems/3.3.0/gems/railties-7.1.3.3/lib/rails/templates/rails/welcome/index.html.erb
  Rendered /home/miles/.rbenv/versions/3.3.1/lib/ruby/gems/3.3.0/gems/railties-7.1.3.3/lib/rails/templates/rails/welcome/index.html.erb (Duration: 4.2ms | Allocations: 364)
Completed 200 OK in 1726ms (Views: 186.6ms | ActiveRecord: 0.0ms | Allocations: 4303)


Started GET "/" for 127.0.0.1 at 2024-05-23 21:20:00 +0100
  [1m[36mActiveRecord::SchemaMigration Load (4.7ms)[0m  [1m[34mSELECT "schema_migrations"."version" FROM "schema_migrations" ORDER BY "schema_migrations"."version" ASC[0m
Processing by Rails::WelcomeController#index as HTML
  Rendering /home/miles/.rbenv/versions/3.3.1/lib/ruby/gems/3.3.0/gems/railties-7.1.3.3/lib/rails/templates/rails/welcome/index.html.erb
  Rendered /home/miles/.rbenv/versions/3.3.1/lib/ruby/gems/3.3.0/gems/railties-7.1.3.3/lib/rails/templates/rails/welcome/index.html.erb (Duration: 1.7ms | Allocations: 364)
Completed 200 OK in 618ms (Views: 139.6ms | ActiveRecord: 0.0ms | Allocations: 4298)


Started GET "/" for 127.0.0.1 at 2024-05-23 22:08:41 +0100
  [1m[36mActiveRecord::SchemaMigration Load (4.0ms)[0m  [1m[34mSELECT "schema_migrations"."version" FROM "schema_migrations" ORDER BY "schema_migrations"."version" ASC[0m
Processing by Rails::WelcomeController#index as HTML
  Rendering /home/miles/.rbenv/versions/3.3.1/lib/ruby/gems/3.3.0/gems/railties-7.1.3.3/lib/rails/templates/rails/welcome/index.html.erb
  Rendered /home/miles/.rbenv/versions/3.3.1/lib/ruby/gems/3.3.0/gems/railties-7.1.3.3/lib/rails/templates/rails/welcome/index.html.erb (Duration: 2.0ms | Allocations: 364)
Completed 200 OK in 161ms (Views: 32.5ms | ActiveRecord: 0.0ms | Allocations: 4299)


Started GET "/pages/home" for 127.0.0.1 at 2024-05-23 22:11:01 +0100
Processing by PagesController#home as HTML
  Rendering layout layouts/application.html.erb
  Rendering pages/home.html.erb within layouts/application
  Rendered pages/home.html.erb within layouts/application (Duration: 9.9ms | Allocations: 95)
  Rendered layout layouts/application.html.erb (Duration: 4059.6ms | Allocations: 93498)
Completed 200 OK in 4119ms (Views: 4081.1ms | ActiveRecord: 0.0ms | Allocations: 94495)


Started GET "/pages/home" for 127.0.0.1 at 2024-05-23 22:15:37 +0100
Processing by PagesController#home as HTML
  Rendering layout layouts/application.html.erb
  Rendering pages/home.html.erb within layouts/application
  Rendered pages/home.html.erb within layouts/application (Duration: 8.4ms | Allocations: 94)
  Rendered layout layouts/application.html.erb (Duration: 614.1ms | Allocations: 17807)
Completed 200 OK in 672ms (Views: 637.2ms | ActiveRecord: 0.0ms | Allocations: 18714)


Started GET "/" for 127.0.0.1 at 2024-05-23 22:19:05 +0100
Processing by PagesController#home as HTML
  Rendering layout layouts/application.html.erb
  Rendering pages/home.html.erb within layouts/application
  Rendered pages/home.html.erb within layouts/application (Duration: 10.7ms | Allocations: 93)
  Rendered layout layouts/application.html.erb (Duration: 354.1ms | Allocations: 15297)
Completed 200 OK in 419ms (Views: 377.4ms | ActiveRecord: 0.0ms | Allocations: 16201)


Started GET "/about" for 127.0.0.1 at 2024-05-23 22:30:53 +0100
Processing by PagesController#about as HTML
  Rendering layout layouts/application.html.erb
  Rendering pages/about.html.erb within layouts/application
  Rendered pages/about.html.erb within layouts/application (Duration: 7.7ms | Allocations: 93)
  Rendered layout layouts/application.html.erb (Duration: 367.6ms | Allocations: 15446)
Completed 200 OK in 412ms (Views: 388.4ms | ActiveRecord: 0.0ms | Allocations: 16154)


Started GET "/contact" for 127.0.0.1 at 2024-05-23 22:31:01 +0100
  
ActionController::RoutingError (No route matches [GET] "/contact"):
  
Started GET "/contact" for 127.0.0.1 at 2024-05-23 22:31:18 +0100
  
ActionController::RoutingError (No route matches [GET] "/contact"):
  
Started GET "/contact" for 127.0.0.1 at 2024-05-23 22:31:22 +0100
  
ActionController::RoutingError (No route matches [GET] "/contact"):
  
Started GET "/contact" for 127.0.0.1 at 2024-05-23 22:31:25 +0100
  
ActionController::RoutingError (No route matches [GET] "/contact"):
  
Started GET "/" for 127.0.0.1 at 2024-05-23 22:31:31 +0100
Processing by PagesController#home as HTML
  Rendering layout layouts/application.html.erb
  Rendering pages/home.html.erb within layouts/application
  Rendered pages/home.html.erb within layouts/application (Duration: 8.2ms | Allocations: 89)
  Rendered layout layouts/application.html.erb (Duration: 354.9ms | Allocations: 15427)
Completed 200 OK in 414ms (Views: 376.6ms | ActiveRecord: 0.0ms | Allocations: 16290)


Started GET "/contact-us" for 127.0.0.1 at 2024-05-23 22:31:52 +0100
Processing by PagesController#contact as HTML
  Rendering layout layouts/application.html.erb
  Rendering pages/contact.html.erb within layouts/application
  Rendered pages/contact.html.erb within layouts/application (Duration: 7.8ms | Allocations: 87)
  Rendered layout layouts/application.html.erb (Duration: 71.0ms | Allocations: 1323)
Completed 200 OK in 100ms (Views: 73.5ms | ActiveRecord: 0.0ms | Allocations: 1570)


Started GET "/contact-us" for 127.0.0.1 at 2024-05-23 22:41:31 +0100
Processing by PagesController#contact as HTML
  Rendering layout layouts/application.html.erb
  Rendering pages/contact.html.erb within layouts/application
  Rendered pages/contact.html.erb within layouts/application (Duration: 10.7ms | Allocations: 1205)
  Rendered layout layouts/application.html.erb (Duration: 13.5ms | Allocations: 1293)
Completed 500 Internal Server Error in 54ms (ActiveRecord: 0.0ms | Allocations: 1992)


  
ActionView::Template::Error (undefined local variable or method `contact' for an instance of #<Class:0x00007f437a30af10>):
    1: <%= link_to "Home", root_path%>
    2: <%= link_to "About", about_path%>
    3: <%= link_to "Contact", contact-us_path%>
    4: 
    5: <h1>Contact Us</h1>
    6: <p>Here you find everything you are looking for</p>
  
app/views/pages/contact.html.erb:3
Started GET "/" for 127.0.0.1 at 2024-05-23 22:41:42 +0100
Processing by PagesController#home as HTML
  Rendering layout layouts/application.html.erb
  Rendering pages/home.html.erb within layouts/application
  Rendered pages/home.html.erb within layouts/application (Duration: 10.9ms | Allocations: 1167)
  Rendered layout layouts/application.html.erb (Duration: 14.2ms | Allocations: 1254)
Completed 500 Internal Server Error in 51ms (ActiveRecord: 0.0ms | Allocations: 1546)


  
ActionView::Template::Error (undefined local variable or method `contact' for an instance of #<Class:0x00007f437a30af10>):
    1: <%= link_to "Home", root_path%>
    2: <%= link_to "About", about_path%>
    3: <%= link_to "Contact", contact-us_path%>
    4: 
    5: 
    6: <h1>Welcome to my website</h1>
  
app/views/pages/home.html.erb:3
Started GET "/" for 127.0.0.1 at 2024-05-23 22:42:01 +0100
Processing by PagesController#home as HTML
  Rendering layout layouts/application.html.erb
  Rendering pages/home.html.erb within layouts/application
  Rendered pages/home.html.erb within layouts/application (Duration: 20.4ms | Allocations: 1201)
  Rendered layout layouts/application.html.erb (Duration: 22.7ms | Allocations: 1289)
Completed 500 Internal Server Error in 84ms (ActiveRecord: 0.0ms | Allocations: 2171)


  
ActionView::Template::Error (undefined local variable or method `contact' for an instance of #<Class:0x00007f437a39d540>):
    1: <%= link_to "Home", root_path%>
    2: <%= link_to "About", about_path%>
    3: <%= link_to "Contact", contact-us_path%>
    4: 
    5: 
    6: <h1>Welcome to my website</h1>
  
app/views/pages/home.html.erb:3
Started GET "/" for 127.0.0.1 at 2024-05-23 22:42:19 +0100
Processing by PagesController#home as HTML
  Rendering layout layouts/application.html.erb
  Rendering pages/home.html.erb within layouts/application
  Rendered pages/home.html.erb within layouts/application (Duration: 15.7ms | Allocations: 1147)
  Rendered layout layouts/application.html.erb (Duration: 19.1ms | Allocations: 1235)
Completed 500 Internal Server Error in 84ms (ActiveRecord: 0.0ms | Allocations: 2117)


  
ActionView::Template::Error (undefined local variable or method `contact_path' for an instance of #<Class:0x00007f4379f38cc0>):
    1: <%= link_to "Home", root_path%>
    2: <%= link_to "About", about_path%>
    3: <%= link_to "Contact", contact_path%>
    4: 
    5: 
    6: <h1>Welcome to my website</h1>
  
app/views/pages/home.html.erb:3
Started GET "/" for 127.0.0.1 at 2024-05-23 22:42:53 +0100
Processing by PagesController#home as HTML
  Rendering layout layouts/application.html.erb
  Rendering pages/home.html.erb within layouts/application
  Rendered pages/home.html.erb within layouts/application (Duration: 8.9ms | Allocations: 215)
  Rendered layout layouts/application.html.erb (Duration: 367.3ms | Allocations: 15591)
Completed 200 OK in 426ms (Views: 388.6ms | ActiveRecord: 0.0ms | Allocations: 16496)


Started GET "/" for 127.0.0.1 at 2024-05-23 22:43:23 +0100
Processing by PagesController#home as HTML
  Rendering layout layouts/application.html.erb
  Rendering pages/home.html.erb within layouts/application
  Rendered pages/home.html.erb within layouts/application (Duration: 10.3ms | Allocations: 1201)
  Rendered layout layouts/application.html.erb (Duration: 13.1ms | Allocations: 1289)
Completed 500 Internal Server Error in 83ms (ActiveRecord: 0.0ms | Allocations: 2168)


  
ActionView::Template::Error (undefined local variable or method `contact_path' for an instance of #<Class:0x00007f437a44ec50>):
    1: <%= link_to "Home", root_path%>
    2: <%= link_to "About", about_path%>
    3: <%= link_to "Contact", contact_path%>
    4: 
    5: 
    6: <h1>Welcome to my website</h1>
  
app/views/pages/home.html.erb:3
Started GET "/" for 127.0.0.1 at 2024-05-23 22:43:41 +0100
Processing by PagesController#home as HTML
  Rendering layout layouts/application.html.erb
  Rendering pages/home.html.erb within layouts/application
  Rendered pages/home.html.erb within layouts/application (Duration: 8.2ms | Allocations: 1145)
  Rendered layout layouts/application.html.erb (Duration: 11.3ms | Allocations: 1233)
Completed 500 Internal Server Error in 68ms (ActiveRecord: 0.0ms | Allocations: 2115)


  
ActionView::Template::Error (undefined local variable or method `contact' for an instance of #<Class:0x00007f4379fae880>):
    1: <%= link_to "Home", root_path%>
    2: <%= link_to "About", about_path%>
    3: <%= link_to "Contact", contact-us_path%>
    4: 
    5: 
    6: <h1>Welcome to my website</h1>
  
app/views/pages/home.html.erb:3
Started GET "/" for 127.0.0.1 at 2024-05-23 22:44:31 +0100
Processing by PagesController#home as HTML
  Rendering layout layouts/application.html.erb
  Rendering pages/home.html.erb within layouts/application
  Rendered pages/home.html.erb within layouts/application (Duration: 9.7ms | Allocations: 234)
  Rendered layout layouts/application.html.erb (Duration: 340.3ms | Allocations: 15607)
Completed 200 OK in 397ms (Views: 362.6ms | ActiveRecord: 0.0ms | Allocations: 16512)


Started GET "/contact" for 127.0.0.1 at 2024-05-23 22:44:34 +0100
Processing by PagesController#contact as HTML
  Rendering layout layouts/application.html.erb
  Rendering pages/contact.html.erb within layouts/application
  Rendered pages/contact.html.erb within layouts/application (Duration: 7.7ms | Allocations: 195)
  Rendered layout layouts/application.html.erb (Duration: 64.6ms | Allocations: 1406)
Completed 200 OK in 89ms (Views: 67.2ms | ActiveRecord: 0.0ms | Allocations: 1655)


Started GET "/contact" for 127.0.0.1 at 2024-05-23 22:44:35 +0100
Processing by PagesController#contact as HTML
  Rendering layout layouts/application.html.erb
  Rendering pages/contact.html.erb within layouts/application
  Rendered pages/contact.html.erb within layouts/application (Duration: 0.5ms | Allocations: 67)
  Rendered layout layouts/application.html.erb (Duration: 56.5ms | Allocations: 1293)
Completed 200 OK in 82ms (Views: 59.0ms | ActiveRecord: 0.0ms | Allocations: 1542)


Started GET "/about" for 127.0.0.1 at 2024-05-23 22:44:35 +0100
Processing by PagesController#about as HTML
  Rendering layout layouts/application.html.erb
  Rendering pages/about.html.erb within layouts/application
  Rendered pages/about.html.erb within layouts/application (Duration: 10.9ms | Allocations: 1167)
  Rendered layout layouts/application.html.erb (Duration: 13.2ms | Allocations: 1254)
Completed 500 Internal Server Error in 36ms (ActiveRecord: 0.0ms | Allocations: 1488)


  
ActionView::Template::Error (undefined local variable or method `contact' for an instance of #<Class:0x00007f4379eeb6a0>):
    1: <%= link_to "Home", root_path%>
    2: <%= link_to "About", about_path%>
    3: <%= link_to "Contact", contact-us_path%>
    4: 
    5: <h1>About Us</h1>
    6: <p>Here you find everything you are looking for</p>
  
app/views/pages/about.html.erb:3
Started GET "/about" for 127.0.0.1 at 2024-05-23 22:44:54 +0100
Processing by PagesController#about as HTML
  Rendering layout layouts/application.html.erb
  Rendering pages/about.html.erb within layouts/application
  Rendered pages/about.html.erb within layouts/application (Duration: 8.8ms | Allocations: 233)
  Rendered layout layouts/application.html.erb (Duration: 342.7ms | Allocations: 15604)
Completed 200 OK in 383ms (Views: 363.0ms | ActiveRecord: 0.0ms | Allocations: 16311)


Started GET "/contact" for 127.0.0.1 at 2024-05-23 22:44:56 +0100
Processing by PagesController#contact as HTML
  Rendering layout layouts/application.html.erb
  Rendering pages/contact.html.erb within layouts/application
  Rendered pages/contact.html.erb within layouts/application (Duration: 12.9ms | Allocations: 195)
  Rendered layout layouts/application.html.erb (Duration: 101.7ms | Allocations: 1436)
Completed 200 OK in 133ms (Views: 105.0ms | ActiveRecord: 0.0ms | Allocations: 1685)


Started GET "/about" for 127.0.0.1 at 2024-05-23 22:44:57 +0100
Processing by PagesController#about as HTML
  Rendering layout layouts/application.html.erb
  Rendering pages/about.html.erb within layouts/application
  Rendered pages/about.html.erb within layouts/application (Duration: 0.7ms | Allocations: 67)
  Rendered layout layouts/application.html.erb (Duration: 66.2ms | Allocations: 1284)
Completed 200 OK in 91ms (Views: 68.7ms | ActiveRecord: 0.0ms | Allocations: 1533)


Started GET "/" for 127.0.0.1 at 2024-05-23 22:44:58 +0100
Processing by PagesController#home as HTML
  Rendering layout layouts/application.html.erb
  Rendering pages/home.html.erb within layouts/application
  Rendered pages/home.html.erb within layouts/application (Duration: 9.7ms | Allocations: 196)
  Rendered layout layouts/application.html.erb (Duration: 84.1ms | Allocations: 1440)
Completed 200 OK in 141ms (Views: 87.4ms | ActiveRecord: 0.0ms | Allocations: 1752)


Started GET "/" for 127.0.0.1 at 2024-05-23 22:52:47 +0100
Processing by PagesController#home as HTML
  Rendering layout layouts/application.html.erb
  Rendering pages/home.html.erb within layouts/application
  Rendered pages/home.html.erb within layouts/application (Duration: 10.0ms | Allocations: 91)
  Rendered layout layouts/application.html.erb (Duration: 364.7ms | Allocations: 15613)
Completed 200 OK in 429ms (Views: 389.0ms | ActiveRecord: 0.0ms | Allocations: 16515)


Started GET "/" for 127.0.0.1 at 2024-05-23 22:52:50 +0100
Processing by PagesController#home as HTML
  Rendering layout layouts/application.html.erb
  Rendering pages/home.html.erb within layouts/application
  Rendered pages/home.html.erb within layouts/application (Duration: 0.1ms | Allocations: 7)
  Rendered layout layouts/application.html.erb (Duration: 73.0ms | Allocations: 1300)
Completed 200 OK in 100ms (Views: 75.9ms | ActiveRecord: 0.0ms | Allocations: 1548)


Started GET "/about" for 127.0.0.1 at 2024-05-23 22:52:51 +0100
Processing by PagesController#about as HTML
  Rendering layout layouts/application.html.erb
  Rendering pages/about.html.erb within layouts/application
  Rendered pages/about.html.erb within layouts/application (Duration: 8.0ms | Allocations: 91)
  Rendered layout layouts/application.html.erb (Duration: 60.1ms | Allocations: 1389)
Completed 200 OK in 92ms (Views: 62.6ms | ActiveRecord: 0.0ms | Allocations: 1638)


Started GET "/contact" for 127.0.0.1 at 2024-05-23 22:52:52 +0100
Processing by PagesController#contact as HTML
  Rendering layout layouts/application.html.erb
  Rendering pages/contact.html.erb within layouts/application
  Rendered pages/contact.html.erb within layouts/application (Duration: 8.3ms | Allocations: 87)
  Rendered layout layouts/application.html.erb (Duration: 59.1ms | Allocations: 1382)
Completed 200 OK in 88ms (Views: 62.1ms | ActiveRecord: 0.0ms | Allocations: 1631)


Started GET "/about" for 127.0.0.1 at 2024-05-23 22:52:52 +0100
Processing by PagesController#about as HTML
  Rendering layout layouts/application.html.erb
  Rendering pages/about.html.erb within layouts/application
  Rendered pages/about.html.erb within layouts/application (Duration: 0.1ms | Allocations: 7)
  Rendered layout layouts/application.html.erb (Duration: 64.5ms | Allocations: 1300)
Completed 200 OK in 88ms (Views: 66.9ms | ActiveRecord: 0.0ms | Allocations: 1549)


Started GET "/" for 127.0.0.1 at 2024-05-23 22:52:53 +0100
Processing by PagesController#home as HTML
  Rendering layout layouts/application.html.erb
  Rendering pages/home.html.erb within layouts/application
  Rendered pages/home.html.erb within layouts/application (Duration: 0.1ms | Allocations: 7)
  Rendered layout layouts/application.html.erb (Duration: 71.5ms | Allocations: 1291)
Completed 200 OK in 95ms (Views: 74.1ms | ActiveRecord: 0.0ms | Allocations: 1539)


